fktQfZnp7Khg7.txt             	/home/nahuel/Documentos/Universidad/SISOP/TP2/ej3/opera ciones/fktQfZnp7Khg7.txt
fktQfZnp7Khg7 - copia         	/home/nahuel/Documentos/Universidad/SISOP/TP2/ej3/opera ciones/sub ope raciones 2/fktQfZnp7Khg7 - copia
fktQfZnp7Khg7 - copia         	/home/nahuel/Documentos/Universidad/SISOP/TP2/ej3/opera ciones/sub operaciones 1/fktQfZnp7Khg7 - copia
Q1KaVabsixDGi0QMN77           	/home/nahuel/Documentos/Universidad/SISOP/TP2/ej3/opera ciones/Q1KaVabsixDGi0QMN77
Q1KaVabsixDGi0QMN77 - copia   	/home/nahuel/Documentos/Universidad/SISOP/TP2/ej3/opera ciones/sub ope raciones 2/Q1KaVabsixDGi0QMN77 - copia
Q1KaVabsixDGi0QMN77 - copia   	/home/nahuel/Documentos/Universidad/SISOP/TP2/ej3/opera ciones/suboperaciones/Q1KaVabsixDGi0QMN77 - copia
0KHe7bY04cBkcLCjd67 - copia   	/home/nahuel/Documentos/Universidad/SISOP/TP2/ej3/opera ciones/sub ope raciones 2/0KHe7bY04cBkcLCjd67 - copia
0KHe7bY04cBkcLCjd67           	/home/nahuel/Documentos/Universidad/SISOP/TP2/ej3/opera ciones/sub operaciones 1/0KHe7bY04cBkcLCjd67
0KHe7bY04cBkcLCjd67 - copia   	/home/nahuel/Documentos/Universidad/SISOP/TP2/ej3/opera ciones/suboperaciones/0KHe7bY04cBkcLCjd67 - copia
9TBZcoINk6EUJPzMvQ7 - copia   	/home/nahuel/Documentos/Universidad/SISOP/TP2/ej3/opera ciones/sub ope raciones 2/9TBZcoINk6EUJPzMvQ7 - copia
9TBZcoINk6EUJPzMvQ7           	/home/nahuel/Documentos/Universidad/SISOP/TP2/ej3/opera ciones/sub ope ra ciones 3/9TBZcoINk6EUJPzMvQ7
9TBZcoINk6EUJPzMvQ7 - copia   	/home/nahuel/Documentos/Universidad/SISOP/TP2/ej3/opera ciones/suboperaciones/9TBZcoINk6EUJPzMvQ7 - copia
A7Ik9cWEXUwxHxUVIf7           	/home/nahuel/Documentos/Universidad/SISOP/TP2/ej3/opera ciones/sub ope raciones 2/A7Ik9cWEXUwxHxUVIf7
A7Ik9cWEXUwxHxUVIf7 - copia   	/home/nahuel/Documentos/Universidad/SISOP/TP2/ej3/opera ciones/sub operaciones 1/A7Ik9cWEXUwxHxUVIf7 - copia
A7Ik9cWEXUwxHxUVIf7 - copia   	/home/nahuel/Documentos/Universidad/SISOP/TP2/ej3/opera ciones/sub ope ra ciones 3/A7Ik9cWEXUwxHxUVIf7 - copia
Bap1HHxKgBpB7 - copia         	/home/nahuel/Documentos/Universidad/SISOP/TP2/ej3/opera ciones/sub ope raciones 2/Bap1HHxKgBpB7 - copia
Bap1HHxKgBpB7 - copia         	/home/nahuel/Documentos/Universidad/SISOP/TP2/ej3/opera ciones/sub ope ra ciones 3/Bap1HHxKgBpB7 - copia
Bap1HHxKgBpB7                 	/home/nahuel/Documentos/Universidad/SISOP/TP2/ej3/opera ciones/suboperaciones/Bap1HHxKgBpB7
cIstNvUXlujx9QVWuH7 - copia   	/home/nahuel/Documentos/Universidad/SISOP/TP2/ej3/opera ciones/sub ope raciones 2/cIstNvUXlujx9QVWuH7 - copia
cIstNvUXlujx9QVWuH7           	/home/nahuel/Documentos/Universidad/SISOP/TP2/ej3/opera ciones/sub ope ra ciones 3/cIstNvUXlujx9QVWuH7
cIstNvUXlujx9QVWuH7 - copia   	/home/nahuel/Documentos/Universidad/SISOP/TP2/ej3/opera ciones/sub ope ra ciones 3/cIstNvUXlujx9QVWuH7 - copia
eqroGzduROlN7                 	/home/nahuel/Documentos/Universidad/SISOP/TP2/ej3/opera ciones/sub ope raciones 2/eqroGzduROlN7
eqroGzduROlN7 - copia         	/home/nahuel/Documentos/Universidad/SISOP/TP2/ej3/opera ciones/sub ope ra ciones 3/eqroGzduROlN7 - copia
eqroGzduROlN7 - copia         	/home/nahuel/Documentos/Universidad/SISOP/TP2/ej3/opera ciones/suboperaciones/eqroGzduROlN7 - copia
hkPRq0auO3gydB0FwE7           	/home/nahuel/Documentos/Universidad/SISOP/TP2/ej3/opera ciones/sub ope raciones 2/hkPRq0auO3gydB0FwE7
hkPRq0auO3gydB0FwE7 - copia   	/home/nahuel/Documentos/Universidad/SISOP/TP2/ej3/opera ciones/sub ope raciones 2/hkPRq0auO3gydB0FwE7 - copia
hkPRq0auO3gydB0FwE7 - copia   	/home/nahuel/Documentos/Universidad/SISOP/TP2/ej3/opera ciones/sub ope ra ciones 3/hkPRq0auO3gydB0FwE7 - copia
lJWd56qpeO6iZuOVNa7           	/home/nahuel/Documentos/Universidad/SISOP/TP2/ej3/opera ciones/sub ope raciones 2/lJWd56qpeO6iZuOVNa7
lJWd56qpeO6iZuOVNa7 - copia   	/home/nahuel/Documentos/Universidad/SISOP/TP2/ej3/opera ciones/sub ope raciones 2/lJWd56qpeO6iZuOVNa7 - copia
lJWd56qpeO6iZuOVNa7 - copia   	/home/nahuel/Documentos/Universidad/SISOP/TP2/ej3/opera ciones/sub ope ra ciones 3/lJWd56qpeO6iZuOVNa7 - copia
mh9iptXAlz06ol40W77 - copia   	/home/nahuel/Documentos/Universidad/SISOP/TP2/ej3/opera ciones/sub ope raciones 2/mh9iptXAlz06ol40W77 - copia
mh9iptXAlz06ol40W77           	/home/nahuel/Documentos/Universidad/SISOP/TP2/ej3/opera ciones/sub operaciones 1/mh9iptXAlz06ol40W77
mh9iptXAlz06ol40W77 - copia   	/home/nahuel/Documentos/Universidad/SISOP/TP2/ej3/opera ciones/suboperaciones/mh9iptXAlz06ol40W77 - copia
9sfdpoUTm3ks7 - copia         	/home/nahuel/Documentos/Universidad/SISOP/TP2/ej3/opera ciones/sub operaciones 1/9sfdpoUTm3ks7 - copia
9sfdpoUTm3ks7 - copia         	/home/nahuel/Documentos/Universidad/SISOP/TP2/ej3/opera ciones/sub ope ra ciones 3/9sfdpoUTm3ks7 - copia
9sfdpoUTm3ks7                 	/home/nahuel/Documentos/Universidad/SISOP/TP2/ej3/opera ciones/suboperaciones/9sfdpoUTm3ks7
dpGWywBDyevK8mkYyE7           	/home/nahuel/Documentos/Universidad/SISOP/TP2/ej3/opera ciones/sub operaciones 1/dpGWywBDyevK8mkYyE7
dpGWywBDyevK8mkYyE7 - copia   	/home/nahuel/Documentos/Universidad/SISOP/TP2/ej3/opera ciones/sub operaciones 1/dpGWywBDyevK8mkYyE7 - copia
dpGWywBDyevK8mkYyE7 - copia   	/home/nahuel/Documentos/Universidad/SISOP/TP2/ej3/opera ciones/suboperaciones/dpGWywBDyevK8mkYyE7 - copia
EWo0RkGbsyZ07 - copia         	/home/nahuel/Documentos/Universidad/SISOP/TP2/ej3/opera ciones/sub operaciones 1/EWo0RkGbsyZ07 - copia
EWo0RkGbsyZ07                 	/home/nahuel/Documentos/Universidad/SISOP/TP2/ej3/opera ciones/suboperaciones/EWo0RkGbsyZ07
EWo0RkGbsyZ07 - copia         	/home/nahuel/Documentos/Universidad/SISOP/TP2/ej3/opera ciones/suboperaciones/EWo0RkGbsyZ07 - copia
hsWD9h7dOlV6NFg3W07           	/home/nahuel/Documentos/Universidad/SISOP/TP2/ej3/opera ciones/sub operaciones 1/hsWD9h7dOlV6NFg3W07
hsWD9h7dOlV6NFg3W07 - copia   	/home/nahuel/Documentos/Universidad/SISOP/TP2/ej3/opera ciones/sub operaciones 1/hsWD9h7dOlV6NFg3W07 - copia
hsWD9h7dOlV6NFg3W07 - copia   	/home/nahuel/Documentos/Universidad/SISOP/TP2/ej3/opera ciones/sub ope ra ciones 3/hsWD9h7dOlV6NFg3W07 - copia
owSYNysByOwM7 - copia         	/home/nahuel/Documentos/Universidad/SISOP/TP2/ej3/opera ciones/sub operaciones 1/owSYNysByOwM7 - copia
owSYNysByOwM7                 	/home/nahuel/Documentos/Universidad/SISOP/TP2/ej3/opera ciones/sub ope ra ciones 3/owSYNysByOwM7
owSYNysByOwM7 - copia         	/home/nahuel/Documentos/Universidad/SISOP/TP2/ej3/opera ciones/sub ope ra ciones 3/owSYNysByOwM7 - copia
u545BxIgANYa6dPgI37 - copia   	/home/nahuel/Documentos/Universidad/SISOP/TP2/ej3/opera ciones/sub operaciones 1/u545BxIgANYa6dPgI37 - copia
u545BxIgANYa6dPgI37           	/home/nahuel/Documentos/Universidad/SISOP/TP2/ej3/opera ciones/suboperaciones/u545BxIgANYa6dPgI37
u545BxIgANYa6dPgI37 - copia   	/home/nahuel/Documentos/Universidad/SISOP/TP2/ej3/opera ciones/suboperaciones/u545BxIgANYa6dPgI37 - copia
wU2YTa00eWJiutFKuV7 - copia   	/home/nahuel/Documentos/Universidad/SISOP/TP2/ej3/opera ciones/sub operaciones 1/wU2YTa00eWJiutFKuV7 - copia
wU2YTa00eWJiutFKuV7           	/home/nahuel/Documentos/Universidad/SISOP/TP2/ej3/opera ciones/sub ope ra ciones 3/wU2YTa00eWJiutFKuV7
wU2YTa00eWJiutFKuV7 - copia   	/home/nahuel/Documentos/Universidad/SISOP/TP2/ej3/opera ciones/suboperaciones/wU2YTa00eWJiutFKuV7 - copia
